<?xml version="1.0" encoding="UTF-8"?>
<!-- Generated by org.testng.reporters.JUnitReportReporter -->
<testsuite hostname="gill" name="zoopla_testng_class.Testng_class" tests="1" failures="0" timestamp="6 Apr 2019 18:47:48 GMT" time="20.918" errors="0">
  <testcase name="submit" time="20.918" classname="zoopla_testng_class.Testng_class"/>
</testsuite> <!-- zoopla_testng_class.Testng_class -->
