<?xml version="1.0" encoding="UTF-8"?>
<!-- Generated by org.testng.reporters.JUnitReportReporter -->
<testsuite skipped="0" hostname="gill" name="testNG.Test2" tests="1" failures="0" timestamp="03 Mar 2019 09:28:48 GMT" time="10.942" errors="0">
  <testcase name="f" time="10.942" classname="testNG.Test2"/>
</testsuite> <!-- testNG.Test2 -->
