<?xml version="1.0" encoding="UTF-8"?>
<!-- Generated by org.testng.reporters.JUnitReportReporter -->
<testsuite skipped="0" hostname="gill" name="java_programs.Facebook" tests="1" failures="0" timestamp="21 Mar 2019 07:34:42 GMT" time="10.294" errors="0">
  <testcase name="f" time="10.294" classname="java_programs.Facebook"/>
</testsuite> <!-- java_programs.Facebook -->
