<?xml version="1.0" encoding="UTF-8"?>
<!-- Generated by org.testng.reporters.JUnitReportReporter -->
<testsuite skipped="0" hostname="gill" name="java_programs.DisableImages" tests="1" failures="0" timestamp="21 Mar 2019 09:19:30 GMT" time="8.205" errors="0">
  <testcase name="disable" time="8.205" classname="java_programs.DisableImages"/>
</testsuite> <!-- java_programs.DisableImages -->
