<?xml version="1.0" encoding="UTF-8"?>
<!-- Generated by org.testng.reporters.JUnitReportReporter -->
<testsuite skipped="0" hostname="gill" name="pageobjectmodel.Pomusingpagefactory" tests="1" failures="0" timestamp="25 Mar 2019 12:42:58 GMT" time="9.453" errors="0">
  <testcase name="pagefactory" time="9.453" classname="pageobjectmodel.Pomusingpagefactory"/>
</testsuite> <!-- pageobjectmodel.Pomusingpagefactory -->
