<?xml version="1.0" encoding="UTF-8"?>
<!-- Generated by org.testng.reporters.JUnitReportReporter -->
<testsuite skipped="0" hostname="gill" name="Practice.Amazon" tests="1" failures="0" timestamp="26 Mar 2019 12:17:42 GMT" time="11.173" errors="0">
  <testcase name="ama_zon" time="11.173" classname="Practice.Amazon"/>
</testsuite> <!-- Practice.Amazon -->
