<?xml version="1.0" encoding="UTF-8"?>
<!-- Generated by org.testng.reporters.JUnitReportReporter -->
<testsuite skipped="0" hostname="gill" name="Gmail.Alert" tests="1" failures="0" timestamp="04 Apr 2019 09:38:29 GMT" time="12.175" errors="0">
  <testcase name="alert" time="12.175" classname="Gmail.Alert"/>
</testsuite> <!-- Gmail.Alert -->
