<?xml version="1.0" encoding="UTF-8"?>
<!-- Generated by org.testng.reporters.JUnitReportReporter -->
<testsuite skipped="0" hostname="gill" name="testNG.Assertions" tests="1" failures="0" timestamp="01 Mar 2019 12:40:38 GMT" time="11.181" errors="0">
  <testcase name="f" time="11.181" classname="testNG.Assertions"/>
</testsuite> <!-- testNG.Assertions -->
