<?xml version="1.0" encoding="UTF-8"?>
<!-- Generated by org.testng.reporters.JUnitReportReporter -->
<testsuite skipped="0" hostname="gill" name="testNG.yatra" tests="1" failures="0" timestamp="08 Mar 2019 16:22:35 GMT" time="51.399" errors="0">
  <testcase name="f1" time="51.399" classname="testNG.yatra"/>
</testsuite> <!-- testNG.yatra -->
