<?xml version="1.0" encoding="UTF-8"?>
<!-- Generated by org.testng.reporters.JUnitReportReporter -->
<testsuite skipped="0" hostname="gill" name="testNG.Amazon" tests="1" failures="0" timestamp="19 Mar 2019 12:08:57 GMT" time="14.544" errors="0">
  <testcase name="f" time="14.544" classname="testNG.Amazon"/>
</testsuite> <!-- testNG.Amazon -->
