<?xml version="1.0" encoding="UTF-8"?>
<!-- Generated by org.testng.reporters.JUnitReportReporter -->
<testsuite skipped="0" hostname="gill" name="Gmail.Windowhandle" tests="1" failures="0" timestamp="03 Apr 2019 13:21:31 GMT" time="13.394" errors="0">
  <testcase name="window" time="13.394" classname="Gmail.Windowhandle"/>
</testsuite> <!-- Gmail.Windowhandle -->
