<?xml version="1.0" encoding="UTF-8"?>
<!-- Generated by org.testng.reporters.JUnitReportReporter -->
<testsuite skipped="0" hostname="gill" name="Practice.Registration" tests="1" failures="0" timestamp="30 Mar 2019 06:03:33 GMT" time="12.189" errors="0">
  <testcase name="register" time="12.189" classname="Practice.Registration"/>
</testsuite> <!-- Practice.Registration -->
