<?xml version="1.0" encoding="UTF-8"?>
<!-- Generated by org.testng.reporters.JUnitReportReporter -->
<testsuite skipped="0" hostname="gill" name="java_programs.Practice" tests="1" failures="0" timestamp="08 Apr 2019 17:09:25 GMT" time="23.707" errors="0">
  <testcase name="f" time="23.707" classname="java_programs.Practice"/>
</testsuite> <!-- java_programs.Practice -->
