<?xml version="1.0" encoding="UTF-8"?>
<!-- Generated by org.testng.reporters.JUnitReportReporter -->
<testsuite skipped="0" hostname="gill" name="testNG.Test1" tests="1" failures="0" timestamp="03 Mar 2019 09:28:48 GMT" time="35.901" errors="0">
  <testcase name="f" time="35.901" classname="testNG.Test1"/>
</testsuite> <!-- testNG.Test1 -->
