<?xml version="1.0" encoding="UTF-8"?>
<!-- Generated by org.testng.reporters.JUnitReportReporter -->
<testsuite hostname="gill" name="browser.Browser" tests="1" failures="0" timestamp="11 Apr 2019 14:23:57 GMT" time="10.821" errors="0">
  <testcase name="f" time="10.821" classname="browser.Browser"/>
</testsuite> <!-- browser.Browser -->
